# JRE version: OpenJDK Runtime Environment (17.0.6) (build 17.0.6+0-b2043.56-10027231)
# Java VM: OpenJDK 64-Bit Server VM (17.0.6+0-b2043.56-10027231, mixed mode, tiered, compressed oops, compressed class ptrs, g1 gc, windows-amd64)
GC Precious Log:
 CPUs: 12 total, 12 available
 Memory: 16057M
 Large Page Support: Disabled
 NUMA Support: Disabled
 Compressed Oops: Enabled (32-bit)
 Heap Region Size: 1M
 Heap Min Capacity: 8M
 Heap Initial Capacity: 252M
 Heap Max Capacity: 2G
 Pre-touch: Disabled
 Parallel Workers: 10
 Concurrent Workers: 3
 Concurrent Refinement Workers: 10
 Periodic GC: Disabled
Heap:
 garbage-first heap   total 258048K, used 209359K [0x0000000080000000, 0x0000000100000000)
  region size 1024K, 10 young (10240K), 3 survivors (3072K)
 Metaspace       used 116349K, committed 117440K, reserved 1155072K
  class space    used 16487K, committed 17024K, reserved 1048576K
GC Heap History (20 events):
Event: 44.406 GC heap before
{Heap before GC invocations=53 (full 0):
 garbage-first heap   total 256000K, used 215128K [0x0000000080000000, 0x0000000100000000)
  region size 1024K, 59 young (60416K), 6 survivors (6144K)
 Metaspace       used 113306K, committed 114176K, reserved 1146880K
  class space    used 16078K, committed 16512K, reserved 1048576K
}
Event: 44.415 GC heap after
{Heap after GC invocations=54 (full 0):
 garbage-first heap   total 256000K, used 167107K [0x0000000080000000, 0x0000000100000000)
  region size 1024K, 8 young (8192K), 8 survivors (8192K)
 Metaspace       used 113306K, committed 114176K, reserved 1146880K
  class space    used 16078K, committed 16512K, reserved 1048576K
}
Event: 45.676 GC heap before
{Heap before GC invocations=54 (full 0):
 garbage-first heap   total 256000K, used 211139K [0x0000000080000000, 0x0000000100000000)
  region size 1024K, 51 young (52224K), 8 survivors (8192K)
 Metaspace       used 114922K, committed 115904K, reserved 1155072K
  class space    used 16368K, committed 16832K, reserved 1048576K
}
Event: 45.686 GC heap after
{Heap after GC invocations=55 (full 0):
 garbage-first heap   total 256000K, used 170235K [0x0000000080000000, 0x0000000100000000)
  region size 1024K, 6 young (6144K), 6 survivors (6144K)
 Metaspace       used 114922K, committed 115904K, reserved 1155072K
  class space    used 16368K, committed 16832K, reserved 1048576K
}
Event: 47.051 GC heap before
{Heap before GC invocations=55 (full 0):
 garbage-first heap   total 256000K, used 212219K [0x0000000080000000, 0x0000000100000000)
  region size 1024K, 47 young (48128K), 6 survivors (6144K)
 Metaspace       used 115161K, committed 116160K, reserved 1155072K
  class space    used 16395K, committed 16896K, reserved 1048576K
}
Event: 47.061 GC heap after
{Heap after GC invocations=56 (full 0):
 garbage-first heap   total 256000K, used 174083K [0x0000000080000000, 0x0000000100000000)
  region size 1024K, 6 young (6144K), 6 survivors (6144K)
 Metaspace       used 115161K, committed 116160K, reserved 1155072K
  class space    used 16395K, committed 16896K, reserved 1048576K
}
Event: 48.289 GC heap before
{Heap before GC invocations=56 (full 0):
 garbage-first heap   total 256000K, used 212995K [0x0000000080000000, 0x0000000100000000)
  region size 1024K, 44 young (45056K), 6 survivors (6144K)
 Metaspace       used 115300K, committed 116288K, reserved 1155072K
  class space    used 16403K, committed 16896K, reserved 1048576K
}
Event: 48.297 GC heap after
{Heap after GC invocations=57 (full 0):
 garbage-first heap   total 256000K, used 177048K [0x0000000080000000, 0x0000000100000000)
  region size 1024K, 6 young (6144K), 6 survivors (6144K)
 Metaspace       used 115300K, committed 116288K, reserved 1155072K
  class space    used 16403K, committed 16896K, reserved 1048576K
}
Event: 49.144 GC heap before
{Heap before GC invocations=57 (full 0):
 garbage-first heap   total 256000K, used 213912K [0x0000000080000000, 0x0000000100000000)
  region size 1024K, 42 young (43008K), 6 survivors (6144K)
 Metaspace       used 115525K, committed 116480K, reserved 1155072K
  class space    used 16417K, committed 16896K, reserved 1048576K
}
Event: 49.154 GC heap after
{Heap after GC invocations=58 (full 0):
 garbage-first heap   total 256000K, used 181515K [0x0000000080000000, 0x0000000100000000)
  region size 1024K, 6 young (6144K), 6 survivors (6144K)
 Metaspace       used 115525K, committed 116480K, reserved 1155072K
  class space    used 16417K, committed 16896K, reserved 1048576K
}
Event: 49.930 GC heap before
{Heap before GC invocations=58 (full 0):
 garbage-first heap   total 256000K, used 214283K [0x0000000080000000, 0x0000000100000000)
  region size 1024K, 38 young (38912K), 6 survivors (6144K)
 Metaspace       used 115765K, committed 116736K, reserved 1155072K
  class space    used 16431K, committed 16896K, reserved 1048576K
}
Event: 49.940 GC heap after
{Heap after GC invocations=59 (full 0):
 garbage-first heap   total 256000K, used 187128K [0x0000000080000000, 0x0000000100000000)
  region size 1024K, 5 young (5120K), 5 survivors (5120K)
 Metaspace       used 115765K, committed 116736K, reserved 1155072K
  class space    used 16431K, committed 16896K, reserved 1048576K
}
Event: 50.312 GC heap before
{Heap before GC invocations=59 (full 0):
 garbage-first heap   total 256000K, used 216824K [0x0000000080000000, 0x0000000100000000)
  region size 1024K, 34 young (34816K), 5 survivors (5120K)
 Metaspace       used 115968K, committed 116992K, reserved 1155072K
  class space    used 16458K, committed 16960K, reserved 1048576K
}
Event: 50.322 GC heap after
{Heap after GC invocations=60 (full 0):
 garbage-first heap   total 256000K, used 192442K [0x0000000080000000, 0x0000000100000000)
  region size 1024K, 5 young (5120K), 5 survivors (5120K)
 Metaspace       used 115968K, committed 116992K, reserved 1155072K
  class space    used 16458K, committed 16960K, reserved 1048576K
}
Event: 50.592 GC heap before
{Heap before GC invocations=60 (full 0):
 garbage-first heap   total 256000K, used 217018K [0x0000000080000000, 0x0000000100000000)
  region size 1024K, 29 young (29696K), 5 survivors (5120K)
 Metaspace       used 116086K, committed 117120K, reserved 1155072K
  class space    used 16469K, committed 16960K, reserved 1048576K
}
Event: 50.599 GC heap after
{Heap after GC invocations=61 (full 0):
 garbage-first heap   total 256000K, used 196300K [0x0000000080000000, 0x0000000100000000)
  region size 1024K, 4 young (4096K), 4 survivors (4096K)
 Metaspace       used 116086K, committed 117120K, reserved 1155072K
  class space    used 16469K, committed 16960K, reserved 1048576K
}
Event: 50.832 GC heap before
{Heap before GC invocations=61 (full 0):
 garbage-first heap   total 256000K, used 218828K [0x0000000080000000, 0x0000000100000000)
  region size 1024K, 26 young (26624K), 4 survivors (4096K)
 Metaspace       used 116181K, committed 117248K, reserved 1155072K
  class space    used 16476K, committed 16960K, reserved 1048576K
}
Event: 50.839 GC heap after
{Heap after GC invocations=62 (full 0):
 garbage-first heap   total 256000K, used 200249K [0x0000000080000000, 0x0000000100000000)
  region size 1024K, 4 young (4096K), 4 survivors (4096K)
 Metaspace       used 116181K, committed 117248K, reserved 1155072K
  class space    used 16476K, committed 16960K, reserved 1048576K
}
Event: 51.100 GC heap before
{Heap before GC invocations=62 (full 0):
 garbage-first heap   total 256000K, used 220729K [0x0000000080000000, 0x0000000100000000)
  region size 1024K, 24 young (24576K), 4 survivors (4096K)
 Metaspace       used 116268K, committed 117376K, reserved 1155072K
  class space    used 16482K, committed 17024K, reserved 1048576K
}
Event: 51.108 GC heap after
{Heap after GC invocations=63 (full 0):
 garbage-first heap   total 256000K, used 203215K [0x0000000080000000, 0x0000000100000000)
  region size 1024K, 3 young (3072K), 3 survivors (3072K)
 Metaspace       used 116268K, committed 117376K, reserved 1155072K
  class space    used 16482K, committed 17024K, reserved 1048576K
}

