# JRE version: OpenJDK Runtime Environment (17.0.6) (build 17.0.6+0-b2043.56-10027231)
# Java VM: OpenJDK 64-Bit Server VM (17.0.6+0-b2043.56-10027231, mixed mode, tiered, compressed oops, compressed class ptrs, g1 gc, windows-amd64)
GC Precious Log:
 CPUs: 12 total, 12 available
 Memory: 16057M
 Large Page Support: Disabled
 NUMA Support: Disabled
 Compressed Oops: Enabled (32-bit)
 Heap Region Size: 1M
 Heap Min Capacity: 8M
 Heap Initial Capacity: 252M
 Heap Max Capacity: 2G
 Pre-touch: Disabled
 Parallel Workers: 10
 Concurrent Workers: 3
 Concurrent Refinement Workers: 10
 Periodic GC: Disabled
Heap:
 garbage-first heap   total 277504K, used 213058K [0x0000000080000000, 0x0000000100000000)
  region size 1024K, 84 young (86016K), 2 survivors (2048K)
 Metaspace       used 134706K, committed 135680K, reserved 1171456K
  class space    used 17870K, committed 18304K, reserved 1048576K
GC Heap History (20 events):
Event: 27.931 GC heap before
{Heap before GC invocations=35 (full 0):
 garbage-first heap   total 277504K, used 208961K [0x0000000080000000, 0x0000000100000000)
  region size 1024K, 121 young (123904K), 6 survivors (6144K)
 Metaspace       used 88122K, committed 88768K, reserved 1130496K
  class space    used 11711K, committed 12032K, reserved 1048576K
}
Event: 27.944 GC heap after
{Heap after GC invocations=36 (full 0):
 garbage-first heap   total 277504K, used 99980K [0x0000000080000000, 0x0000000100000000)
  region size 1024K, 14 young (14336K), 14 survivors (14336K)
 Metaspace       used 88122K, committed 88768K, reserved 1130496K
  class space    used 11711K, committed 12032K, reserved 1048576K
}
Event: 29.907 GC heap before
{Heap before GC invocations=37 (full 0):
 garbage-first heap   total 277504K, used 216716K [0x0000000080000000, 0x0000000100000000)
  region size 1024K, 127 young (130048K), 14 survivors (14336K)
 Metaspace       used 95000K, committed 95680K, reserved 1138688K
  class space    used 12492K, committed 12800K, reserved 1048576K
}
Event: 29.920 GC heap after
{Heap after GC invocations=38 (full 0):
 garbage-first heap   total 277504K, used 106827K [0x0000000080000000, 0x0000000100000000)
  region size 1024K, 15 young (15360K), 15 survivors (15360K)
 Metaspace       used 95000K, committed 95680K, reserved 1138688K
  class space    used 12492K, committed 12800K, reserved 1048576K
}
Event: 29.927 GC heap before
{Heap before GC invocations=38 (full 0):
 garbage-first heap   total 277504K, used 106827K [0x0000000080000000, 0x0000000100000000)
  region size 1024K, 16 young (16384K), 15 survivors (15360K)
 Metaspace       used 95003K, committed 95680K, reserved 1138688K
  class space    used 12492K, committed 12800K, reserved 1048576K
}
Event: 29.935 GC heap after
{Heap after GC invocations=39 (full 0):
 garbage-first heap   total 277504K, used 108184K [0x0000000080000000, 0x0000000100000000)
  region size 1024K, 2 young (2048K), 2 survivors (2048K)
 Metaspace       used 95003K, committed 95680K, reserved 1138688K
  class space    used 12492K, committed 12800K, reserved 1048576K
}
Event: 32.491 GC heap before
{Heap before GC invocations=39 (full 0):
 garbage-first heap   total 277504K, used 221848K [0x0000000080000000, 0x0000000100000000)
  region size 1024K, 113 young (115712K), 2 survivors (2048K)
 Metaspace       used 109653K, committed 110272K, reserved 1146880K
  class space    used 14174K, committed 14464K, reserved 1048576K
}
Event: 32.496 GC heap after
{Heap after GC invocations=40 (full 0):
 garbage-first heap   total 277504K, used 110439K [0x0000000080000000, 0x0000000100000000)
  region size 1024K, 5 young (5120K), 5 survivors (5120K)
 Metaspace       used 109653K, committed 110272K, reserved 1146880K
  class space    used 14174K, committed 14464K, reserved 1048576K
}
Event: 32.676 GC heap before
{Heap before GC invocations=40 (full 0):
 garbage-first heap   total 277504K, used 127847K [0x0000000080000000, 0x0000000100000000)
  region size 1024K, 23 young (23552K), 5 survivors (5120K)
 Metaspace       used 109758K, committed 110400K, reserved 1146880K
  class space    used 14175K, committed 14464K, reserved 1048576K
}
Event: 32.683 GC heap after
{Heap after GC invocations=41 (full 0):
 garbage-first heap   total 277504K, used 113101K [0x0000000080000000, 0x0000000100000000)
  region size 1024K, 7 young (7168K), 7 survivors (7168K)
 Metaspace       used 109758K, committed 110400K, reserved 1146880K
  class space    used 14175K, committed 14464K, reserved 1048576K
}
Event: 34.743 GC heap before
{Heap before GC invocations=42 (full 0):
 garbage-first heap   total 277504K, used 229837K [0x0000000080000000, 0x0000000100000000)
  region size 1024K, 120 young (122880K), 7 survivors (7168K)
 Metaspace       used 114509K, committed 115200K, reserved 1155072K
  class space    used 14797K, committed 15104K, reserved 1048576K
}
Event: 34.750 GC heap after
{Heap after GC invocations=43 (full 0):
 garbage-first heap   total 277504K, used 112811K [0x0000000080000000, 0x0000000100000000)
  region size 1024K, 7 young (7168K), 7 survivors (7168K)
 Metaspace       used 114509K, committed 115200K, reserved 1155072K
  class space    used 14797K, committed 15104K, reserved 1048576K
}
Event: 38.996 GC heap before
{Heap before GC invocations=43 (full 0):
 garbage-first heap   total 277504K, used 184491K [0x0000000080000000, 0x0000000100000000)
  region size 1024K, 78 young (79872K), 7 survivors (7168K)
 Metaspace       used 120661K, committed 121472K, reserved 1155072K
  class space    used 15796K, committed 16192K, reserved 1048576K
}
Event: 39.006 GC heap after
{Heap after GC invocations=44 (full 0):
 garbage-first heap   total 277504K, used 117868K [0x0000000080000000, 0x0000000100000000)
  region size 1024K, 12 young (12288K), 12 survivors (12288K)
 Metaspace       used 120661K, committed 121472K, reserved 1155072K
  class space    used 15796K, committed 16192K, reserved 1048576K
}
Event: 39.909 GC heap before
{Heap before GC invocations=45 (full 0):
 garbage-first heap   total 277504K, used 155756K [0x0000000080000000, 0x0000000100000000)
  region size 1024K, 42 young (43008K), 12 survivors (12288K)
 Metaspace       used 122695K, committed 123520K, reserved 1163264K
  class space    used 16082K, committed 16448K, reserved 1048576K
}
Event: 39.918 GC heap after
{Heap after GC invocations=46 (full 0):
 garbage-first heap   total 277504K, used 128434K [0x0000000080000000, 0x0000000100000000)
  region size 1024K, 8 young (8192K), 8 survivors (8192K)
 Metaspace       used 122695K, committed 123520K, reserved 1163264K
  class space    used 16082K, committed 16448K, reserved 1048576K
}
Event: 43.054 GC heap before
{Heap before GC invocations=47 (full 0):
 garbage-first heap   total 277504K, used 222642K [0x0000000080000000, 0x0000000100000000)
  region size 1024K, 97 young (99328K), 8 survivors (8192K)
 Metaspace       used 128524K, committed 129280K, reserved 1163264K
  class space    used 16942K, committed 17280K, reserved 1048576K
}
Event: 43.065 GC heap after
{Heap after GC invocations=48 (full 0):
 garbage-first heap   total 277504K, used 130048K [0x0000000080000000, 0x0000000100000000)
  region size 1024K, 9 young (9216K), 9 survivors (9216K)
 Metaspace       used 128524K, committed 129280K, reserved 1163264K
  class space    used 16942K, committed 17280K, reserved 1048576K
}
Event: 43.181 GC heap before
{Heap before GC invocations=48 (full 0):
 garbage-first heap   total 277504K, used 134144K [0x0000000080000000, 0x0000000100000000)
  region size 1024K, 13 young (13312K), 9 survivors (9216K)
 Metaspace       used 128691K, committed 129472K, reserved 1163264K
  class space    used 16969K, committed 17344K, reserved 1048576K
}
Event: 43.190 GC heap after
{Heap after GC invocations=49 (full 0):
 garbage-first heap   total 277504K, used 131138K [0x0000000080000000, 0x0000000100000000)
  region size 1024K, 2 young (2048K), 2 survivors (2048K)
 Metaspace       used 128691K, committed 129472K, reserved 1163264K
  class space    used 16969K, committed 17344K, reserved 1048576K
}

