# JRE version: OpenJDK Runtime Environment (17.0.6) (build 17.0.6+0-b2043.56-10027231)
# Java VM: OpenJDK 64-Bit Server VM (17.0.6+0-b2043.56-10027231, mixed mode, tiered, compressed oops, compressed class ptrs, g1 gc, windows-amd64)
GC Precious Log:
 CPUs: 12 total, 12 available
 Memory: 16057M
 Large Page Support: Disabled
 NUMA Support: Disabled
 Compressed Oops: Enabled (32-bit)
 Heap Region Size: 1M
 Heap Min Capacity: 8M
 Heap Initial Capacity: 252M
 Heap Max Capacity: 2G
 Pre-touch: Disabled
 Parallel Workers: 10
 Concurrent Workers: 3
 Concurrent Refinement Workers: 10
 Periodic GC: Disabled
Heap:
 garbage-first heap   total 258048K, used 162218K [0x0000000080000000, 0x0000000100000000)
  region size 1024K, 7 young (7168K), 7 survivors (7168K)
 Metaspace       used 88054K, committed 88896K, reserved 1130496K
  class space    used 12688K, committed 13056K, reserved 1048576K
GC Heap History (20 events):
Event: 8.858 GC heap after
{Heap after GC invocations=19 (full 0):
 garbage-first heap   total 198656K, used 92741K [0x0000000080000000, 0x0000000100000000)
  region size 1024K, 3 young (3072K), 3 survivors (3072K)
 Metaspace       used 67879K, committed 68608K, reserved 1114112K
  class space    used 9366K, committed 9728K, reserved 1048576K
}
Event: 9.660 GC heap before
{Heap before GC invocations=19 (full 0):
 garbage-first heap   total 198656K, used 152133K [0x0000000080000000, 0x0000000100000000)
  region size 1024K, 62 young (63488K), 3 survivors (3072K)
 Metaspace       used 72512K, committed 73216K, reserved 1114112K
  class space    used 10002K, committed 10304K, reserved 1048576K
}
Event: 9.667 GC heap after
{Heap after GC invocations=20 (full 0):
 garbage-first heap   total 198656K, used 97649K [0x0000000080000000, 0x0000000100000000)
  region size 1024K, 8 young (8192K), 8 survivors (8192K)
 Metaspace       used 72512K, committed 73216K, reserved 1114112K
  class space    used 10002K, committed 10304K, reserved 1048576K
}
Event: 10.798 GC heap before
{Heap before GC invocations=21 (full 0):
 garbage-first heap   total 198656K, used 160113K [0x0000000080000000, 0x0000000100000000)
  region size 1024K, 70 young (71680K), 8 survivors (8192K)
 Metaspace       used 75570K, committed 76352K, reserved 1122304K
  class space    used 10540K, committed 10880K, reserved 1048576K
}
Event: 10.807 GC heap after
{Heap after GC invocations=22 (full 0):
 garbage-first heap   total 198656K, used 103329K [0x0000000080000000, 0x0000000100000000)
  region size 1024K, 6 young (6144K), 6 survivors (6144K)
 Metaspace       used 75570K, committed 76352K, reserved 1122304K
  class space    used 10540K, committed 10880K, reserved 1048576K
}
Event: 10.813 GC heap before
{Heap before GC invocations=22 (full 0):
 garbage-first heap   total 198656K, used 106401K [0x0000000080000000, 0x0000000100000000)
  region size 1024K, 9 young (9216K), 6 survivors (6144K)
 Metaspace       used 75570K, committed 76352K, reserved 1122304K
  class space    used 10540K, committed 10880K, reserved 1048576K
}
Event: 10.819 GC heap after
{Heap after GC invocations=23 (full 0):
 garbage-first heap   total 198656K, used 103419K [0x0000000080000000, 0x0000000100000000)
  region size 1024K, 1 young (1024K), 1 survivors (1024K)
 Metaspace       used 75570K, committed 76352K, reserved 1122304K
  class space    used 10540K, committed 10880K, reserved 1048576K
}
Event: 11.432 GC heap before
{Heap before GC invocations=23 (full 0):
 garbage-first heap   total 198656K, used 160763K [0x0000000080000000, 0x0000000100000000)
  region size 1024K, 57 young (58368K), 1 survivors (1024K)
 Metaspace       used 80894K, committed 81728K, reserved 1122304K
  class space    used 11425K, committed 11776K, reserved 1048576K
}
Event: 11.436 GC heap after
{Heap after GC invocations=24 (full 0):
 garbage-first heap   total 198656K, used 105093K [0x0000000080000000, 0x0000000100000000)
  region size 1024K, 3 young (3072K), 3 survivors (3072K)
 Metaspace       used 80894K, committed 81728K, reserved 1122304K
  class space    used 11425K, committed 11776K, reserved 1048576K
}
Event: 12.230 GC heap before
{Heap before GC invocations=25 (full 0):
 garbage-first heap   total 198656K, used 184965K [0x0000000080000000, 0x0000000100000000)
  region size 1024K, 60 young (61440K), 3 survivors (3072K)
 Metaspace       used 84359K, committed 85248K, reserved 1122304K
  class space    used 12212K, committed 12608K, reserved 1048576K
}
Event: 12.238 GC heap after
{Heap after GC invocations=26 (full 0):
 garbage-first heap   total 198656K, used 136792K [0x0000000080000000, 0x0000000100000000)
  region size 1024K, 8 young (8192K), 8 survivors (8192K)
 Metaspace       used 84359K, committed 85248K, reserved 1122304K
  class space    used 12212K, committed 12608K, reserved 1048576K
}
Event: 12.263 GC heap before
{Heap before GC invocations=26 (full 0):
 garbage-first heap   total 198656K, used 137816K [0x0000000080000000, 0x0000000100000000)
  region size 1024K, 9 young (9216K), 8 survivors (8192K)
 Metaspace       used 84403K, committed 85248K, reserved 1122304K
  class space    used 12217K, committed 12608K, reserved 1048576K
}
Event: 12.268 GC heap after
{Heap after GC invocations=27 (full 0):
 garbage-first heap   total 198656K, used 136675K [0x0000000080000000, 0x0000000100000000)
  region size 1024K, 1 young (1024K), 1 survivors (1024K)
 Metaspace       used 84403K, committed 85248K, reserved 1122304K
  class space    used 12217K, committed 12608K, reserved 1048576K
}
Event: 12.820 GC heap before
{Heap before GC invocations=27 (full 0):
 garbage-first heap   total 198656K, used 165347K [0x0000000080000000, 0x0000000100000000)
  region size 1024K, 30 young (30720K), 1 survivors (1024K)
 Metaspace       used 86323K, committed 87104K, reserved 1130496K
  class space    used 12416K, committed 12800K, reserved 1048576K
}
Event: 12.825 GC heap after
{Heap after GC invocations=28 (full 0):
 garbage-first heap   total 198656K, used 140757K [0x0000000080000000, 0x0000000100000000)
  region size 1024K, 4 young (4096K), 4 survivors (4096K)
 Metaspace       used 86323K, committed 87104K, reserved 1130496K
  class space    used 12416K, committed 12800K, reserved 1048576K
}
Event: 13.120 GC heap before
{Heap before GC invocations=29 (full 0):
 garbage-first heap   total 239616K, used 166357K [0x0000000080000000, 0x0000000100000000)
  region size 1024K, 30 young (30720K), 4 survivors (4096K)
 Metaspace       used 87457K, committed 88256K, reserved 1130496K
  class space    used 12602K, committed 12992K, reserved 1048576K
}
Event: 13.128 GC heap after
{Heap after GC invocations=30 (full 0):
 garbage-first heap   total 239616K, used 143139K [0x0000000080000000, 0x0000000100000000)
  region size 1024K, 3 young (3072K), 3 survivors (3072K)
 Metaspace       used 87457K, committed 88256K, reserved 1130496K
  class space    used 12602K, committed 12992K, reserved 1048576K
}
Event: 13.293 GC heap before
{Heap before GC invocations=30 (full 0):
 garbage-first heap   total 239616K, used 155427K [0x0000000080000000, 0x0000000100000000)
  region size 1024K, 11 young (11264K), 3 survivors (3072K)
 Metaspace       used 88053K, committed 88896K, reserved 1130496K
  class space    used 12688K, committed 13056K, reserved 1048576K
}
Event: 13.299 GC heap after
{Heap after GC invocations=31 (full 0):
 garbage-first heap   total 239616K, used 146953K [0x0000000080000000, 0x0000000100000000)
  region size 1024K, 1 young (1024K), 1 survivors (1024K)
 Metaspace       used 88053K, committed 88896K, reserved 1130496K
  class space    used 12688K, committed 13056K, reserved 1048576K
}
Event: 13.566 GC heap before
{Heap before GC invocations=31 (full 0):
 garbage-first heap   total 239616K, used 196105K [0x0000000080000000, 0x0000000100000000)
  region size 1024K, 50 young (51200K), 1 survivors (1024K)
 Metaspace       used 88054K, committed 88896K, reserved 1130496K
  class space    used 12688K, committed 13056K, reserved 1048576K
}

