# JRE version: OpenJDK Runtime Environment (17.0.6) (build 17.0.6+0-b2043.56-10027231)
# Java VM: OpenJDK 64-Bit Server VM (17.0.6+0-b2043.56-10027231, mixed mode, tiered, compressed oops, compressed class ptrs, g1 gc, windows-amd64)
GC Precious Log:
 CPUs: 12 total, 12 available
 Memory: 16057M
 Large Page Support: Disabled
 NUMA Support: Disabled
 Compressed Oops: Enabled (32-bit)
 Heap Region Size: 1M
 Heap Min Capacity: 8M
 Heap Initial Capacity: 252M
 Heap Max Capacity: 2G
 Pre-touch: Disabled
 Parallel Workers: 10
 Concurrent Workers: 3
 Concurrent Refinement Workers: 10
 Periodic GC: Disabled
Heap:
 garbage-first heap   total 141312K, used 91311K [0x0000000080000000, 0x0000000100000000)
  region size 1024K, 1 young (1024K), 1 survivors (1024K)
 Metaspace       used 66198K, committed 66944K, reserved 1114112K
  class space    used 9124K, committed 9472K, reserved 1048576K
GC Heap History (20 events):
Event: 6.383 GC heap after
{Heap after GC invocations=18 (full 0):
 garbage-first heap   total 109568K, used 61040K [0x0000000080000000, 0x0000000100000000)
  region size 1024K, 4 young (4096K), 4 survivors (4096K)
 Metaspace       used 47290K, committed 47808K, reserved 1097728K
  class space    used 6329K, committed 6592K, reserved 1048576K
}
Event: 6.437 GC heap before
{Heap before GC invocations=19 (full 0):
 garbage-first heap   total 111616K, used 67184K [0x0000000080000000, 0x0000000100000000)
  region size 1024K, 9 young (9216K), 4 survivors (4096K)
 Metaspace       used 47610K, committed 48128K, reserved 1097728K
  class space    used 6353K, committed 6592K, reserved 1048576K
}
Event: 6.440 GC heap after
{Heap after GC invocations=20 (full 0):
 garbage-first heap   total 111616K, used 65662K [0x0000000080000000, 0x0000000100000000)
  region size 1024K, 2 young (2048K), 2 survivors (2048K)
 Metaspace       used 47610K, committed 48128K, reserved 1097728K
  class space    used 6353K, committed 6592K, reserved 1048576K
}
Event: 6.940 GC heap before
{Heap before GC invocations=21 (full 0):
 garbage-first heap   total 117760K, used 88190K [0x0000000080000000, 0x0000000100000000)
  region size 1024K, 23 young (23552K), 2 survivors (2048K)
 Metaspace       used 50122K, committed 50624K, reserved 1097728K
  class space    used 6578K, committed 6784K, reserved 1048576K
}
Event: 6.943 GC heap after
{Heap after GC invocations=22 (full 0):
 garbage-first heap   total 141312K, used 67490K [0x0000000080000000, 0x0000000100000000)
  region size 1024K, 3 young (3072K), 3 survivors (3072K)
 Metaspace       used 50122K, committed 50624K, reserved 1097728K
  class space    used 6578K, committed 6784K, reserved 1048576K
}
Event: 7.036 GC heap before
{Heap before GC invocations=22 (full 0):
 garbage-first heap   total 141312K, used 70562K [0x0000000080000000, 0x0000000100000000)
  region size 1024K, 6 young (6144K), 3 survivors (3072K)
 Metaspace       used 50575K, committed 51136K, reserved 1097728K
  class space    used 6657K, committed 6912K, reserved 1048576K
}
Event: 7.041 GC heap after
{Heap after GC invocations=23 (full 0):
 garbage-first heap   total 141312K, used 67909K [0x0000000080000000, 0x0000000100000000)
  region size 1024K, 1 young (1024K), 1 survivors (1024K)
 Metaspace       used 50575K, committed 51136K, reserved 1097728K
  class space    used 6657K, committed 6912K, reserved 1048576K
}
Event: 7.973 GC heap before
{Heap before GC invocations=23 (full 0):
 garbage-first heap   total 141312K, used 107845K [0x0000000080000000, 0x0000000100000000)
  region size 1024K, 41 young (41984K), 1 survivors (1024K)
 Metaspace       used 55381K, committed 56000K, reserved 1097728K
  class space    used 7428K, committed 7680K, reserved 1048576K
}
Event: 7.977 GC heap after
{Heap after GC invocations=24 (full 0):
 garbage-first heap   total 141312K, used 70488K [0x0000000080000000, 0x0000000100000000)
  region size 1024K, 3 young (3072K), 3 survivors (3072K)
 Metaspace       used 55381K, committed 56000K, reserved 1097728K
  class space    used 7428K, committed 7680K, reserved 1048576K
}
Event: 8.843 GC heap before
{Heap before GC invocations=25 (full 0):
 garbage-first heap   total 141312K, used 111448K [0x0000000080000000, 0x0000000100000000)
  region size 1024K, 43 young (44032K), 3 survivors (3072K)
 Metaspace       used 58463K, committed 59200K, reserved 1105920K
  class space    used 8020K, committed 8320K, reserved 1048576K
}
Event: 8.847 GC heap after
{Heap after GC invocations=26 (full 0):
 garbage-first heap   total 141312K, used 72114K [0x0000000080000000, 0x0000000100000000)
  region size 1024K, 5 young (5120K), 5 survivors (5120K)
 Metaspace       used 58463K, committed 59200K, reserved 1105920K
  class space    used 8020K, committed 8320K, reserved 1048576K
}
Event: 8.862 GC heap before
{Heap before GC invocations=26 (full 0):
 garbage-first heap   total 141312K, used 73138K [0x0000000080000000, 0x0000000100000000)
  region size 1024K, 6 young (6144K), 5 survivors (5120K)
 Metaspace       used 58490K, committed 59200K, reserved 1105920K
  class space    used 8025K, committed 8320K, reserved 1048576K
}
Event: 8.868 GC heap after
{Heap after GC invocations=27 (full 0):
 garbage-first heap   total 141312K, used 72088K [0x0000000080000000, 0x0000000100000000)
  region size 1024K, 1 young (1024K), 1 survivors (1024K)
 Metaspace       used 58490K, committed 59200K, reserved 1105920K
  class space    used 8025K, committed 8320K, reserved 1048576K
}
Event: 9.469 GC heap before
{Heap before GC invocations=27 (full 0):
 garbage-first heap   total 141312K, used 101784K [0x0000000080000000, 0x0000000100000000)
  region size 1024K, 32 young (32768K), 1 survivors (1024K)
 Metaspace       used 60983K, committed 61696K, reserved 1105920K
  class space    used 8414K, committed 8704K, reserved 1048576K
}
Event: 9.473 GC heap after
{Heap after GC invocations=28 (full 0):
 garbage-first heap   total 141312K, used 74897K [0x0000000080000000, 0x0000000100000000)
  region size 1024K, 4 young (4096K), 4 survivors (4096K)
 Metaspace       used 60983K, committed 61696K, reserved 1105920K
  class space    used 8414K, committed 8704K, reserved 1048576K
}
Event: 9.942 GC heap before
{Heap before GC invocations=29 (full 0):
 garbage-first heap   total 141312K, used 125073K [0x0000000080000000, 0x0000000100000000)
  region size 1024K, 41 young (41984K), 4 survivors (4096K)
 Metaspace       used 63860K, committed 64640K, reserved 1105920K
  class space    used 8790K, committed 9152K, reserved 1048576K
}
Event: 9.947 GC heap after
{Heap after GC invocations=30 (full 0):
 garbage-first heap   total 141312K, used 90475K [0x0000000080000000, 0x0000000100000000)
  region size 1024K, 4 young (4096K), 4 survivors (4096K)
 Metaspace       used 63860K, committed 64640K, reserved 1105920K
  class space    used 8790K, committed 9152K, reserved 1048576K
}
Event: 9.972 GC heap before
{Heap before GC invocations=30 (full 0):
 garbage-first heap   total 141312K, used 92523K [0x0000000080000000, 0x0000000100000000)
  region size 1024K, 6 young (6144K), 4 survivors (4096K)
 Metaspace       used 64012K, committed 64768K, reserved 1105920K
  class space    used 8808K, committed 9152K, reserved 1048576K
}
Event: 9.976 GC heap after
{Heap after GC invocations=31 (full 0):
 garbage-first heap   total 141312K, used 90513K [0x0000000080000000, 0x0000000100000000)
  region size 1024K, 1 young (1024K), 1 survivors (1024K)
 Metaspace       used 64012K, committed 64768K, reserved 1105920K
  class space    used 8808K, committed 9152K, reserved 1048576K
}
Event: 10.247 GC heap before
{Heap before GC invocations=31 (full 0):
 garbage-first heap   total 141312K, used 116113K [0x0000000080000000, 0x0000000100000000)
  region size 1024K, 27 young (27648K), 1 survivors (1024K)
 Metaspace       used 66198K, committed 66944K, reserved 1114112K
  class space    used 9124K, committed 9472K, reserved 1048576K
}

